Watching for file changes with StatReloader
INFO Watching for file changes with StatReloader
C:\Code\Admin3\backend\django_Admin3\rules_engine\engine.py changed, reloading.
INFO C:\Code\Admin3\backend\django_Admin3\rules_engine\engine.py changed, reloading.
DJANGO_ENV django_Admin3.settings.development
DJANGO_ENV development
DJANGO_SETTINGS_MODULE django_Admin3.settings.development
DJANGO_ENV FILE C:\Code\Admin3\backend\django_Admin3\.env.development
Loading environment from: C:\Code\Admin3\backend\django_Admin3\.env.development
Performing system checks...

System check identified no issues (0 silenced).
August 07, 2025 - 17:26:15
Django version 5.2.2, using settings 'django_Admin3.settings.development'
Starting development server at http://127.0.0.1:8888/
Quit the server with CTRL-BREAK.

WARNING: This is a development server. Do not use it in a production setting. Use a production WSGI or ASGI server instead.
For more information on production servers see: https://docs.djangoproject.com/en/5.2/howto/deployment/
Watching for file changes with StatReloader
INFO Watching for file changes with StatReloader
C:\Code\Admin3\backend\django_Admin3\rules_engine\engine.py changed, reloading.
INFO C:\Code\Admin3\backend\django_Admin3\rules_engine\engine.py changed, reloading.
DJANGO_ENV django_Admin3.settings.development
DJANGO_ENV development
DJANGO_SETTINGS_MODULE django_Admin3.settings.development
DJANGO_ENV FILE C:\Code\Admin3\backend\django_Admin3\.env.development
Loading environment from: C:\Code\Admin3\backend\django_Admin3\.env.development
Performing system checks...

System check identified no issues (0 silenced).
August 08, 2025 - 09:37:30
Django version 5.2.2, using settings 'django_Admin3.settings.development'
Starting development server at http://127.0.0.1:8888/
Quit the server with CTRL-BREAK.

WARNING: This is a development server. Do not use it in a production setting. Use a production WSGI or ASGI server instead.
For more information on production servers see: https://docs.djangoproject.com/en/5.2/howto/deployment/
Watching for file changes with StatReloader
INFO Watching for file changes with StatReloader
C:\Code\Admin3\backend\django_Admin3\rules_engine\engine.py changed, reloading.
INFO C:\Code\Admin3\backend\django_Admin3\rules_engine\engine.py changed, reloading.
DJANGO_ENV django_Admin3.settings.development
DJANGO_ENV development
DJANGO_SETTINGS_MODULE django_Admin3.settings.development
DJANGO_ENV FILE C:\Code\Admin3\backend\django_Admin3\.env.development
Loading environment from: C:\Code\Admin3\backend\django_Admin3\.env.development
Performing system checks...

System check identified no issues (0 silenced).
August 08, 2025 - 09:38:13
Django version 5.2.2, using settings 'django_Admin3.settings.development'
Starting development server at http://127.0.0.1:8888/
Quit the server with CTRL-BREAK.

WARNING: This is a development server. Do not use it in a production setting. Use a production WSGI or ASGI server instead.
For more information on production servers see: https://docs.djangoproject.com/en/5.2/howto/deployment/
Watching for file changes with StatReloader
INFO Watching for file changes with StatReloader
C:\Code\Admin3\backend\django_Admin3\rules_engine\handlers.py changed, reloading.
INFO C:\Code\Admin3\backend\django_Admin3\rules_engine\handlers.py changed, reloading.
DJANGO_ENV django_Admin3.settings.development
DJANGO_ENV development
DJANGO_SETTINGS_MODULE django_Admin3.settings.development
DJANGO_ENV FILE C:\Code\Admin3\backend\django_Admin3\.env.development
Loading environment from: C:\Code\Admin3\backend\django_Admin3\.env.development
Performing system checks...

System check identified no issues (0 silenced).
August 08, 2025 - 09:39:02
Django version 5.2.2, using settings 'django_Admin3.settings.development'
Starting development server at http://127.0.0.1:8888/
Quit the server with CTRL-BREAK.

WARNING: This is a development server. Do not use it in a production setting. Use a production WSGI or ASGI server instead.
For more information on production servers see: https://docs.djangoproject.com/en/5.2/howto/deployment/
Watching for file changes with StatReloader
INFO Watching for file changes with StatReloader
C:\Code\Admin3\backend\django_Admin3\rules_engine\engine.py changed, reloading.
INFO C:\Code\Admin3\backend\django_Admin3\rules_engine\engine.py changed, reloading.
DJANGO_ENV django_Admin3.settings.development
DJANGO_ENV development
DJANGO_SETTINGS_MODULE django_Admin3.settings.development
DJANGO_ENV FILE C:\Code\Admin3\backend\django_Admin3\.env.development
Loading environment from: C:\Code\Admin3\backend\django_Admin3\.env.development
Performing system checks...

System check identified no issues (0 silenced).
August 08, 2025 - 09:39:27
Django version 5.2.2, using settings 'django_Admin3.settings.development'
Starting development server at http://127.0.0.1:8888/
Quit the server with CTRL-BREAK.

WARNING: This is a development server. Do not use it in a production setting. Use a production WSGI or ASGI server instead.
For more information on production servers see: https://docs.djangoproject.com/en/5.2/howto/deployment/
Watching for file changes with StatReloader
INFO Watching for file changes with StatReloader
C:\Code\Admin3\backend\django_Admin3\rules_engine\engine.py changed, reloading.
INFO C:\Code\Admin3\backend\django_Admin3\rules_engine\engine.py changed, reloading.
DJANGO_ENV django_Admin3.settings.development
DJANGO_ENV development
DJANGO_SETTINGS_MODULE django_Admin3.settings.development
DJANGO_ENV FILE C:\Code\Admin3\backend\django_Admin3\.env.development
Loading environment from: C:\Code\Admin3\backend\django_Admin3\.env.development
Performing system checks...

System check identified no issues (0 silenced).
August 08, 2025 - 09:39:52
Django version 5.2.2, using settings 'django_Admin3.settings.development'
Starting development server at http://127.0.0.1:8888/
Quit the server with CTRL-BREAK.

WARNING: This is a development server. Do not use it in a production setting. Use a production WSGI or ASGI server instead.
For more information on production servers see: https://docs.djangoproject.com/en/5.2/howto/deployment/
Watching for file changes with StatReloader
INFO Watching for file changes with StatReloader
DEBUG RuleContext created: entry_point=checkout_start, user=None (ID: None)
DEBUG Field 'has_expired_marking_deadlines' not found in path 'has_expired_marking_deadlines', returning None
DEBUG Field 'has_expired_marking_deadlines' not found in path 'has_expired_marking_deadlines', returning None
DEBUG _process_results: Found 1 blocking rules
DEBUG _process_results: Context user: None (ID: None)
DEBUG _check_acknowledgments: No user provided
[08/Aug/2025 09:41:08] "POST /api/rules/engine/evaluate/ HTTP/1.1" 200 2925
C:\Code\Admin3\backend\django_Admin3\rules_engine\handlers.py changed, reloading.
INFO C:\Code\Admin3\backend\django_Admin3\rules_engine\handlers.py changed, reloading.
DJANGO_ENV django_Admin3.settings.development
DJANGO_ENV development
DJANGO_SETTINGS_MODULE django_Admin3.settings.development
DJANGO_ENV FILE C:\Code\Admin3\backend\django_Admin3\.env.development
Loading environment from: C:\Code\Admin3\backend\django_Admin3\.env.development
Performing system checks...

System check identified no issues (0 silenced).
August 08, 2025 - 09:39:58
Django version 5.2.2, using settings 'django_Admin3.settings.development'
Starting development server at http://127.0.0.1:8888/
Quit the server with CTRL-BREAK.

WARNING: This is a development server. Do not use it in a production setting. Use a production WSGI or ASGI server instead.
For more information on production servers see: https://docs.djangoproject.com/en/5.2/howto/deployment/
Watching for file changes with StatReloader
INFO Watching for file changes with StatReloader
C:\Code\Admin3\backend\django_Admin3\rules_engine\engine.py changed, reloading.
INFO C:\Code\Admin3\backend\django_Admin3\rules_engine\engine.py changed, reloading.
DJANGO_ENV django_Admin3.settings.development
DJANGO_ENV development
DJANGO_SETTINGS_MODULE django_Admin3.settings.development
DJANGO_ENV FILE C:\Code\Admin3\backend\django_Admin3\.env.development
Loading environment from: C:\Code\Admin3\backend\django_Admin3\.env.development
Performing system checks...

System check identified no issues (0 silenced).
August 08, 2025 - 09:41:45
Django version 5.2.2, using settings 'django_Admin3.settings.development'
Starting development server at http://127.0.0.1:8888/
Quit the server with CTRL-BREAK.

WARNING: This is a development server. Do not use it in a production setting. Use a production WSGI or ASGI server instead.
For more information on production servers see: https://docs.djangoproject.com/en/5.2/howto/deployment/
Watching for file changes with StatReloader
INFO Watching for file changes with StatReloader
C:\Code\Admin3\backend\django_Admin3\rules_engine\engine.py changed, reloading.
INFO C:\Code\Admin3\backend\django_Admin3\rules_engine\engine.py changed, reloading.
DJANGO_ENV django_Admin3.settings.development
DJANGO_ENV development
DJANGO_SETTINGS_MODULE django_Admin3.settings.development
DJANGO_ENV FILE C:\Code\Admin3\backend\django_Admin3\.env.development
Loading environment from: C:\Code\Admin3\backend\django_Admin3\.env.development
Performing system checks...

System check identified no issues (0 silenced).
August 08, 2025 - 09:41:49
Django version 5.2.2, using settings 'django_Admin3.settings.development'
Starting development server at http://127.0.0.1:8888/
Quit the server with CTRL-BREAK.

WARNING: This is a development server. Do not use it in a production setting. Use a production WSGI or ASGI server instead.
For more information on production servers see: https://docs.djangoproject.com/en/5.2/howto/deployment/
Watching for file changes with StatReloader
INFO Watching for file changes with StatReloader
