[2026-03-05 11:49:45] INFO django.utils.autoreload Watching for file changes with StatReloader
[2026-03-05 12:21:53] INFO django.server "OPTIONS /api/catalog/navigation-data/ HTTP/1.1" 200 0
[2026-03-05 12:21:53] INFO django.server "OPTIONS /api/store/products/?page=1&page_size=50 HTTP/1.1" 200 0
[2026-03-05 12:21:53] INFO django.server "OPTIONS /api/catalog/navigation-data/ HTTP/1.1" 200 0
[2026-03-05 12:21:53] INFO django.server "OPTIONS /api/cart HTTP/1.1" 200 0
[2026-03-05 12:21:53] INFO django.server "OPTIONS /api/catalog/navigation-data/ HTTP/1.1" 200 0
[2026-03-05 12:21:53] INFO django.server "OPTIONS /api/catalog/navigation-data/ HTTP/1.1" 200 0
[2026-03-05 12:21:53] INFO django.server "OPTIONS /api/store/products/?page=1&page_size=50 HTTP/1.1" 200 0
[2026-03-05 12:21:53] INFO django.server "OPTIONS /api/cart HTTP/1.1" 200 0
[2026-03-05 12:21:53] INFO django.server "OPTIONS /api/rules/engine/execute/ HTTP/1.1" 200 0
[2026-03-05 12:21:53] INFO django.server "OPTIONS /api/rules/engine/execute/ HTTP/1.1" 200 0
[2026-03-05 12:22:00] INFO django.server "OPTIONS /api/rules/engine/execute/ HTTP/1.1" 200 0
[2026-03-05 12:22:00] INFO django.server "OPTIONS /api/catalog/navigation-data/ HTTP/1.1" 200 0
[2026-03-05 12:22:00] INFO django.server "OPTIONS /api/rules/engine/execute/ HTTP/1.1" 200 0
[2026-03-05 12:22:00] INFO django.server "OPTIONS /api/catalog/navigation-data/ HTTP/1.1" 200 0
[2026-03-05 12:22:00] INFO django.server "OPTIONS /api/catalog/navigation-data/ HTTP/1.1" 200 0
[2026-03-05 12:22:00] INFO django.server "OPTIONS /api/store/products/?page=1&page_size=50 HTTP/1.1" 200 0
[2026-03-05 12:22:00] INFO django.server "OPTIONS /api/catalog/navigation-data/ HTTP/1.1" 200 0
[2026-03-05 12:22:00] INFO django.server "OPTIONS /api/cart HTTP/1.1" 200 0
[2026-03-05 12:22:00] INFO django.server "OPTIONS /api/cart HTTP/1.1" 200 0
[2026-03-05 12:22:00] INFO django.server "OPTIONS /api/store/products/?page=1&page_size=50 HTTP/1.1" 200 0
[2026-03-05 12:22:03] INFO django.server "OPTIONS /api/catalog/navigation-data/ HTTP/1.1" 200 0
[2026-03-05 12:22:03] INFO django.server "OPTIONS /api/store/products/?page=1&page_size=50 HTTP/1.1" 200 0
[2026-03-05 12:22:03] INFO django.server "OPTIONS /api/store/products/?page=1&page_size=50 HTTP/1.1" 200 0
[2026-03-05 12:22:03] INFO django.server "OPTIONS /api/rules/engine/execute/ HTTP/1.1" 200 0
[2026-03-05 12:22:03] INFO django.server "OPTIONS /api/catalog/navigation-data/ HTTP/1.1" 200 0
[2026-03-05 12:22:03] INFO django.server "OPTIONS /api/cart HTTP/1.1" 200 0
[2026-03-05 12:22:03] INFO django.server "OPTIONS /api/catalog/navigation-data/ HTTP/1.1" 200 0
[2026-03-05 12:22:03] INFO django.server "OPTIONS /api/catalog/navigation-data/ HTTP/1.1" 200 0
[2026-03-05 12:22:03] INFO django.server "OPTIONS /api/cart HTTP/1.1" 200 0
[2026-03-05 12:22:03] INFO django.server "OPTIONS /api/rules/engine/execute/ HTTP/1.1" 200 0
